Started GET "/" for 127.0.0.1 at 2019-02-19 21:31:46 +0100
  [1m[35m (1.0ms)[0m  [1m[34mSELECT "schema_migrations"."version" FROM "schema_migrations" ORDER BY "schema_migrations"."version" ASC[0m
  ↳ /Users/MatthieuMontagne/.rbenv/versions/2.5.3/lib/ruby/gems/2.5.0/gems/activerecord-5.2.2/lib/active_record/log_subscriber.rb:98
Processing by ArtworksController#index as HTML
  [1m[36mUser Load (42.0ms)[0m  [1m[34mSELECT  "users".* FROM "users" WHERE "users"."id" = $1 ORDER BY "users"."id" ASC LIMIT $2[0m  [["id", 1], ["LIMIT", 1]]
  ↳ /Users/MatthieuMontagne/.rbenv/versions/2.5.3/lib/ruby/gems/2.5.0/gems/activerecord-5.2.2/lib/active_record/log_subscriber.rb:98
  Rendering artworks/index.html.erb within layouts/application
  [1m[36mArtwork Load (40.8ms)[0m  [1m[34mSELECT "artworks".* FROM "artworks"[0m
  ↳ app/views/artworks/index.html.erb:6
  Rendered artworks/index.html.erb within layouts/application (72.5ms)
Completed 500 Internal Server Error in 175ms (ActiveRecord: 90.3ms)


  
ActionView::Template::Error (Must supply cloud_name in tag or in configuration):
     5:   <div class="row">
     6:     <% @artworks.each do |artwork|  %>
     7:       <div class="col-xs-12 col-sm-4">
     8:         <div class="card" style="background-image: url('<%= cl_image_path artwork.photo, height: 300, width: 400, crop: :fill %>')">
     9:           <div class="card-description">
    10: 
    11:             <h2>
  
app/views/artworks/index.html.erb:8:in `block in _app_views_artworks_index_html_erb___2125189784278785586_70121046052180'
app/views/artworks/index.html.erb:6:in `_app_views_artworks_index_html_erb___2125189784278785586_70121046052180'
Started GET "/" for 127.0.0.1 at 2019-02-19 21:33:07 +0100
  [1m[35m (0.6ms)[0m  [1m[34mSELECT "schema_migrations"."version" FROM "schema_migrations" ORDER BY "schema_migrations"."version" ASC[0m
  ↳ /Users/MatthieuMontagne/.rbenv/versions/2.5.3/lib/ruby/gems/2.5.0/gems/activerecord-5.2.2/lib/active_record/log_subscriber.rb:98
Processing by ArtworksController#index as HTML
  [1m[36mUser Load (0.8ms)[0m  [1m[34mSELECT  "users".* FROM "users" WHERE "users"."id" = $1 ORDER BY "users"."id" ASC LIMIT $2[0m  [["id", 1], ["LIMIT", 1]]
  ↳ /Users/MatthieuMontagne/.rbenv/versions/2.5.3/lib/ruby/gems/2.5.0/gems/activerecord-5.2.2/lib/active_record/log_subscriber.rb:98
  Rendering artworks/index.html.erb within layouts/application
  [1m[36mArtwork Load (0.5ms)[0m  [1m[34mSELECT "artworks".* FROM "artworks"[0m
  ↳ app/views/artworks/index.html.erb:6
  Rendered artworks/index.html.erb within layouts/application (19.9ms)
Completed 500 Internal Server Error in 65ms (ActiveRecord: 8.0ms)


  
ActionView::Template::Error (Must supply cloud_name in tag or in configuration):
     5:   <div class="row">
     6:     <% @artworks.each do |artwork|  %>
     7:       <div class="col-xs-12 col-sm-4">
     8:         <div class="card" style="background-image: url('<%= cl_image_path artwork.photo, height: 300, width: 400, crop: :fill %>')">
     9:           <div class="card-description">
    10: 
    11:             <h2>
  
app/views/artworks/index.html.erb:8:in `block in _app_views_artworks_index_html_erb___1408976660686522109_70270270581800'
app/views/artworks/index.html.erb:6:in `_app_views_artworks_index_html_erb___1408976660686522109_70270270581800'
Started GET "/" for 127.0.0.1 at 2019-02-19 21:33:31 +0100
  [1m[35m (0.6ms)[0m  [1m[34mSELECT "schema_migrations"."version" FROM "schema_migrations" ORDER BY "schema_migrations"."version" ASC[0m
  ↳ /Users/MatthieuMontagne/.rbenv/versions/2.5.3/lib/ruby/gems/2.5.0/gems/activerecord-5.2.2/lib/active_record/log_subscriber.rb:98
Processing by ArtworksController#index as HTML
  [1m[36mUser Load (0.7ms)[0m  [1m[34mSELECT  "users".* FROM "users" WHERE "users"."id" = $1 ORDER BY "users"."id" ASC LIMIT $2[0m  [["id", 1], ["LIMIT", 1]]
  ↳ /Users/MatthieuMontagne/.rbenv/versions/2.5.3/lib/ruby/gems/2.5.0/gems/activerecord-5.2.2/lib/active_record/log_subscriber.rb:98
  Rendering artworks/index.html.erb within layouts/application
  [1m[36mArtwork Load (0.5ms)[0m  [1m[34mSELECT "artworks".* FROM "artworks"[0m
  ↳ app/views/artworks/index.html.erb:6
  Rendered artworks/index.html.erb within layouts/application (17.5ms)
Completed 500 Internal Server Error in 60ms (ActiveRecord: 8.5ms)


  
ActionView::Template::Error (Must supply cloud_name in tag or in configuration):
     5:   <div class="row">
     6:     <% @artworks.each do |artwork|  %>
     7:       <div class="col-xs-12 col-sm-4">
     8:         <div class="card" style="background-image: url('<%= cl_image_path artwork.photo, height: 300, width: 400, crop: :fill %>')">
     9:           <div class="card-description">
    10: 
    11:             <h2>
  
app/views/artworks/index.html.erb:8:in `block in _app_views_artworks_index_html_erb___2464637335397770326_70249400255620'
app/views/artworks/index.html.erb:6:in `_app_views_artworks_index_html_erb___2464637335397770326_70249400255620'
Started GET "/" for 127.0.0.1 at 2019-02-19 21:36:16 +0100
  [1m[35m (0.8ms)[0m  [1m[34mSELECT "schema_migrations"."version" FROM "schema_migrations" ORDER BY "schema_migrations"."version" ASC[0m
  ↳ /Users/MatthieuMontagne/.rbenv/versions/2.5.3/lib/ruby/gems/2.5.0/gems/activerecord-5.2.2/lib/active_record/log_subscriber.rb:98
Processing by ArtworksController#index as HTML
  [1m[36mUser Load (0.7ms)[0m  [1m[34mSELECT  "users".* FROM "users" WHERE "users"."id" = $1 ORDER BY "users"."id" ASC LIMIT $2[0m  [["id", 1], ["LIMIT", 1]]
  ↳ /Users/MatthieuMontagne/.rbenv/versions/2.5.3/lib/ruby/gems/2.5.0/gems/activerecord-5.2.2/lib/active_record/log_subscriber.rb:98
  Rendering artworks/index.html.erb within layouts/application
  [1m[36mArtwork Load (0.5ms)[0m  [1m[34mSELECT "artworks".* FROM "artworks"[0m
  ↳ app/views/artworks/index.html.erb:6
  [1m[36mUser Load (0.2ms)[0m  [1m[34mSELECT  "users".* FROM "users" WHERE "users"."id" = $1 LIMIT $2[0m  [["id", 1], ["LIMIT", 1]]
  ↳ app/views/artworks/index.html.erb:17
  [1m[36mCACHE User Load (0.0ms)[0m  [1m[34mSELECT  "users".* FROM "users" WHERE "users"."id" = $1 LIMIT $2[0m  [["id", 1], ["LIMIT", 1]]
  ↳ app/views/artworks/index.html.erb:17
  [1m[36mCACHE User Load (0.0ms)[0m  [1m[34mSELECT  "users".* FROM "users" WHERE "users"."id" = $1 LIMIT $2[0m  [["id", 1], ["LIMIT", 1]]
  ↳ app/views/artworks/index.html.erb:17
  [1m[36mCACHE User Load (0.0ms)[0m  [1m[34mSELECT  "users".* FROM "users" WHERE "users"."id" = $1 LIMIT $2[0m  [["id", 1], ["LIMIT", 1]]
  ↳ app/views/artworks/index.html.erb:17
  [1m[36mCACHE User Load (0.0ms)[0m  [1m[34mSELECT  "users".* FROM "users" WHERE "users"."id" = $1 LIMIT $2[0m  [["id", 1], ["LIMIT", 1]]
  ↳ app/views/artworks/index.html.erb:17
  [1m[36mCACHE User Load (0.0ms)[0m  [1m[34mSELECT  "users".* FROM "users" WHERE "users"."id" = $1 LIMIT $2[0m  [["id", 1], ["LIMIT", 1]]
  ↳ app/views/artworks/index.html.erb:17
  Rendered artworks/index.html.erb within layouts/application (38.2ms)
[Webpacker] Compiling…
[Webpacker] Compiled all packs in /Users/MatthieuMontagne/Downloads/artRenting-master 2/public/packs
  Rendered shared/_navbar.html.erb (24.6ms)
  Rendered shared/_flashes.html.erb (0.8ms)
Completed 200 OK in 7557ms (Views: 7515.9ms | ActiveRecord: 8.3ms)


Started GET "/artworks/new" for 127.0.0.1 at 2019-02-19 21:36:27 +0100
Processing by ArtworksController#new as HTML
  [1m[36mUser Load (1.4ms)[0m  [1m[34mSELECT  "users".* FROM "users" WHERE "users"."id" = $1 ORDER BY "users"."id" ASC LIMIT $2[0m  [["id", 1], ["LIMIT", 1]]
  ↳ /Users/MatthieuMontagne/.rbenv/versions/2.5.3/lib/ruby/gems/2.5.0/gems/activerecord-5.2.2/lib/active_record/log_subscriber.rb:98
  Rendering artworks/new.html.erb within layouts/application
  Rendered artworks/new.html.erb within layouts/application (92.7ms)
  Rendered shared/_navbar.html.erb (3.8ms)
  Rendered shared/_flashes.html.erb (0.5ms)
Completed 200 OK in 163ms (Views: 148.8ms | ActiveRecord: 4.8ms)


Started GET "/artworks/new" for 127.0.0.1 at 2019-02-19 21:44:25 +0100
Processing by ArtworksController#new as HTML
  [1m[36mUser Load (0.7ms)[0m  [1m[34mSELECT  "users".* FROM "users" WHERE "users"."id" = $1 ORDER BY "users"."id" ASC LIMIT $2[0m  [["id", 1], ["LIMIT", 1]]
  ↳ /Users/MatthieuMontagne/.rbenv/versions/2.5.3/lib/ruby/gems/2.5.0/gems/activerecord-5.2.2/lib/active_record/log_subscriber.rb:98
  Rendering artworks/new.html.erb within layouts/application
  Rendered artworks/new.html.erb within layouts/application (8.6ms)
[Webpacker] Compiling…
[Webpacker] Compiled all packs in /Users/MatthieuMontagne/Downloads/artRenting-master 2/public/packs
  Rendered shared/_navbar.html.erb (3.8ms)
  Rendered shared/_flashes.html.erb (0.6ms)
Completed 200 OK in 3476ms (Views: 3438.1ms | ActiveRecord: 8.2ms)


Started POST "/artworks" for 127.0.0.1 at 2019-02-19 21:44:38 +0100
Processing by ArtworksController#create as HTML
  Parameters: {"utf8"=>"✓", "authenticity_token"=>"9bofHgmquBhhdFEy05veZkuPQbycNw6NdOegT1cJ+24CSXl7PCkbCVoxY13alTczLrQ+bgeYfXFDLMVM3vE2QA==", "artwork"=>{"name"=>"tfuygiuhoij", "category"=>"", "photo_cache"=>"", "start_date"=>"2019-02-19", "end_date"=>"2019-02-20"}, "commit"=>"Create Artwork"}
  [1m[36mUser Load (1.1ms)[0m  [1m[34mSELECT  "users".* FROM "users" WHERE "users"."id" = $1 ORDER BY "users"."id" ASC LIMIT $2[0m  [["id", 1], ["LIMIT", 1]]
  ↳ /Users/MatthieuMontagne/.rbenv/versions/2.5.3/lib/ruby/gems/2.5.0/gems/activerecord-5.2.2/lib/active_record/log_subscriber.rb:98
Unpermitted parameter: :photo_cache
  [1m[35m (0.2ms)[0m  [1m[35mBEGIN[0m
  ↳ app/controllers/artworks_controller.rb:22
  [1m[36mArtwork Exists (0.7ms)[0m  [1m[34mSELECT  1 AS one FROM "artworks" WHERE "artworks"."name" = $1 LIMIT $2[0m  [["name", "tfuygiuhoij"], ["LIMIT", 1]]
  ↳ app/controllers/artworks_controller.rb:22
  [1m[36mArtwork Create (41.0ms)[0m  [1m[32mINSERT INTO "artworks" ("name", "category", "user_id", "created_at", "updated_at", "start_date", "end_date") VALUES ($1, $2, $3, $4, $5, $6, $7) RETURNING "id"[0m  [["name", "tfuygiuhoij"], ["category", ""], ["user_id", 1], ["created_at", "2019-02-19 20:44:38.057635"], ["updated_at", "2019-02-19 20:44:38.057635"], ["start_date", "2019-02-19"], ["end_date", "2019-02-20"]]
  ↳ app/controllers/artworks_controller.rb:22
  [1m[35m (1.3ms)[0m  [1m[35mCOMMIT[0m
  ↳ app/controllers/artworks_controller.rb:22
Redirected to http://localhost:3000/artworks/16
Completed 302 Found in 62ms (ActiveRecord: 50.9ms)


Started GET "/artworks/16" for 127.0.0.1 at 2019-02-19 21:44:38 +0100
Processing by ArtworksController#show as HTML
  Parameters: {"id"=>"16"}
  [1m[36mUser Load (0.4ms)[0m  [1m[34mSELECT  "users".* FROM "users" WHERE "users"."id" = $1 ORDER BY "users"."id" ASC LIMIT $2[0m  [["id", 1], ["LIMIT", 1]]
  ↳ /Users/MatthieuMontagne/.rbenv/versions/2.5.3/lib/ruby/gems/2.5.0/gems/activerecord-5.2.2/lib/active_record/log_subscriber.rb:98
  [1m[36mArtwork Load (0.4ms)[0m  [1m[34mSELECT  "artworks".* FROM "artworks" WHERE "artworks"."id" = $1 LIMIT $2[0m  [["id", 16], ["LIMIT", 1]]
  ↳ app/controllers/artworks_controller.rb:8
  Rendering artworks/show.html.erb within layouts/application
  [1m[36mUser Load (0.2ms)[0m  [1m[34mSELECT  "users".* FROM "users" WHERE "users"."id" = $1 LIMIT $2[0m  [["id", 1], ["LIMIT", 1]]
  ↳ app/policies/artwork_policy.rb:17
  Rendered artworks/show.html.erb within layouts/application (3.2ms)
  Rendered shared/_navbar.html.erb (2.3ms)
  Rendered shared/_flashes.html.erb (0.6ms)
Completed 200 OK in 97ms (Views: 86.9ms | ActiveRecord: 3.1ms)


